<?xml version="1.0" encoding="UTF-8"?>
<testsuite xmlns:xsi="http://www.w3.org/2001/XMLSchema-instance" xsi:noNamespaceSchemaLocation="https://maven.apache.org/surefire/maven-surefire-plugin/xsd/surefire-test-report-3.0.xsd" version="3.0" name="test.StudentAnalyzerTest" time="0.142" tests="14" errors="0" skipped="0" failures="0">
  <properties>
[...]
</properties>
  <testcase name="DT_Case4_ValidButNoExcellent" classname="test.StudentAnalyzerTest" time="0.058"/>
  <testcase name="DT_Case2_EmptyList" classname="test.StudentAnalyzerTest" time="0.001"/>
  <testcase name="DT_MixedInvalidAndOneExcellent" classname="test.StudentAnalyzerTest" time="0.001"/>
  <testcase name="EP_CountExcellent_InvalidScoresOnly" classname="test.StudentAnalyzerTest" time="0.001"/>
  <testcase name="EP_CountExcellent_EmptyList" classname="test.StudentAnalyzerTest" time="0.001"/>
  <testcase name="DT_Case5_HasExcellentStudents" classname="test.StudentAnalyzerTest" time="0.002"/>
  <testcase name="DT_Case1_NullList" classname="test.StudentAnalyzerTest" time="0.002"/>
  <testcase name="EP_CountExcellent_MixedScores" classname="test.StudentAnalyzerTest" time="0.001"/>
  <testcase name="EP_CountExcellent_ValidNonExcellentScores" classname="test.StudentAnalyzerTest" time="0.0"/>
  <testcase name="DT_Case3_AllInvalidScores" classname="test.StudentAnalyzerTest" time="0.001"/>
  <testcase name="EP_CountExcellent_ValidExcellentScores" classname="test.StudentAnalyzerTest" time="0.001"/>
  <testcase name="EP_CountExcellent_NullList" classname="test.StudentAnalyzerTest" time="0.001"/>
  <testcase name="BAV_CountExcellent_Boundaries" classname="test.StudentAnalyzerTest" time="0.0"/>
  <testcase name="BAV_CalculateAverage_Boundaries" classname="test.StudentAnalyzerTest" time="0.005"/>
</testsuite>